--------------------------------------------------------------------------------
Release 14.7 Trace  (nt64)
Copyright (c) 1995-2013 Xilinx, Inc.  All rights reserved.

C:\Xilinx\14.7\ISE_DS\ISE\bin\nt64\unwrapped\trce.exe -intstyle ise -o
mojo_top_0.twr -v 30 -l 30 mojo_top_0_routed.ncd mojo_top_0.pcf

Design file:              mojo_top_0_routed.ncd
Physical constraint file: mojo_top_0.pcf
Device,package,speed:     xc6slx9,tqg144,C,-2 (PRODUCTION 1.23 2013-10-13)
Report level:             verbose report, limited to 30 items per constraint

Environment Variable      Effect 
--------------------      ------ 
NONE                      No environment variables were set
--------------------------------------------------------------------------------

INFO:Timing:2698 - No timing constraints found, doing default enumeration.
INFO:Timing:3412 - To improve timing, see the Timing Closure User Guide (UG612).
INFO:Timing:2752 - To get complete path coverage, use the unconstrained paths 
   option. All paths that are not constrained will be reported in the 
   unconstrained paths section(s) of the report.
INFO:Timing:3339 - The clock-to-out numbers in this timing report are based on 
   a 50 Ohm transmission line loading model.  For the details of this model, 
   and for more information on accounting for different loading conditions, 
   please see the device datasheet.



Data Sheet report:
-----------------
All values displayed in nanoseconds (ns)

Pad to Pad
---------------+---------------+---------+
Source Pad     |Destination Pad|  Delay  |
---------------+---------------+---------+
io_dip[0]      |io_led[0]      |   10.461|
io_dip[0]      |io_led[1]      |   10.461|
io_dip[0]      |io_led[2]      |   11.644|
io_dip[0]      |io_led[3]      |   11.644|
io_dip[0]      |io_led[4]      |   11.827|
io_dip[0]      |io_led[5]      |   11.827|
io_dip[0]      |io_led[6]      |   11.913|
io_dip[0]      |io_led[7]      |   11.913|
io_dip[1]      |io_led[0]      |   10.489|
io_dip[1]      |io_led[1]      |   10.489|
io_dip[1]      |io_led[2]      |   11.672|
io_dip[1]      |io_led[3]      |   11.672|
io_dip[1]      |io_led[4]      |   11.855|
io_dip[1]      |io_led[5]      |   11.855|
io_dip[1]      |io_led[6]      |   11.941|
io_dip[1]      |io_led[7]      |   11.941|
io_dip[2]      |io_led[0]      |   10.123|
io_dip[2]      |io_led[1]      |   10.123|
io_dip[2]      |io_led[2]      |   11.306|
io_dip[2]      |io_led[3]      |   11.306|
io_dip[2]      |io_led[4]      |   11.489|
io_dip[2]      |io_led[5]      |   11.489|
io_dip[2]      |io_led[6]      |   11.575|
io_dip[2]      |io_led[7]      |   11.575|
io_dip[3]      |io_led[0]      |    9.919|
io_dip[3]      |io_led[1]      |    9.919|
io_dip[3]      |io_led[2]      |   11.102|
io_dip[3]      |io_led[3]      |   11.102|
io_dip[3]      |io_led[4]      |   11.285|
io_dip[3]      |io_led[5]      |   11.285|
io_dip[3]      |io_led[6]      |   11.371|
io_dip[3]      |io_led[7]      |   11.371|
io_dip[4]      |io_led[0]      |    9.669|
io_dip[4]      |io_led[1]      |    9.669|
io_dip[4]      |io_led[2]      |   10.852|
io_dip[4]      |io_led[3]      |   10.852|
io_dip[4]      |io_led[4]      |   11.035|
io_dip[4]      |io_led[5]      |   11.035|
io_dip[4]      |io_led[6]      |   11.121|
io_dip[4]      |io_led[7]      |   11.121|
io_dip[5]      |io_led[0]      |    9.949|
io_dip[5]      |io_led[1]      |    9.949|
io_dip[5]      |io_led[2]      |   11.132|
io_dip[5]      |io_led[3]      |   11.132|
io_dip[5]      |io_led[4]      |   11.315|
io_dip[5]      |io_led[5]      |   11.315|
io_dip[5]      |io_led[6]      |   11.401|
io_dip[5]      |io_led[7]      |   11.401|
io_dip[6]      |io_led[0]      |   10.146|
io_dip[6]      |io_led[1]      |   10.146|
io_dip[6]      |io_led[2]      |   11.329|
io_dip[6]      |io_led[3]      |   11.329|
io_dip[6]      |io_led[4]      |   11.512|
io_dip[6]      |io_led[5]      |   11.512|
io_dip[6]      |io_led[6]      |   11.598|
io_dip[6]      |io_led[7]      |   11.598|
io_dip[7]      |io_led[0]      |   10.083|
io_dip[7]      |io_led[1]      |   10.083|
io_dip[7]      |io_led[2]      |   11.266|
io_dip[7]      |io_led[3]      |   11.266|
io_dip[7]      |io_led[4]      |   11.449|
io_dip[7]      |io_led[5]      |   11.449|
io_dip[7]      |io_led[6]      |   11.535|
io_dip[7]      |io_led[7]      |   11.535|
io_dip[8]      |io_led[8]      |   11.248|
io_dip[8]      |io_led[9]      |   11.290|
io_dip[8]      |io_led[10]     |   11.878|
io_dip[8]      |io_led[11]     |   11.732|
io_dip[8]      |io_led[12]     |   12.168|
io_dip[8]      |io_led[13]     |   12.168|
io_dip[8]      |io_led[14]     |   11.494|
io_dip[8]      |io_led[15]     |   12.833|
io_dip[9]      |io_led[8]      |   11.215|
io_dip[9]      |io_led[9]      |   11.257|
io_dip[9]      |io_led[10]     |   11.845|
io_dip[9]      |io_led[11]     |   11.699|
io_dip[9]      |io_led[12]     |   12.135|
io_dip[9]      |io_led[13]     |   12.135|
io_dip[9]      |io_led[14]     |   11.461|
io_dip[9]      |io_led[15]     |   12.800|
io_dip[10]     |io_led[8]      |   11.946|
io_dip[10]     |io_led[9]      |   11.988|
io_dip[10]     |io_led[10]     |   12.576|
io_dip[10]     |io_led[11]     |   12.430|
io_dip[10]     |io_led[12]     |   12.866|
io_dip[10]     |io_led[13]     |   12.866|
io_dip[10]     |io_led[14]     |   12.192|
io_dip[10]     |io_led[15]     |   13.531|
io_dip[11]     |io_led[8]      |   11.468|
io_dip[11]     |io_led[9]      |   11.510|
io_dip[11]     |io_led[10]     |   12.098|
io_dip[11]     |io_led[11]     |   11.952|
io_dip[11]     |io_led[12]     |   12.388|
io_dip[11]     |io_led[13]     |   12.388|
io_dip[11]     |io_led[14]     |   11.714|
io_dip[11]     |io_led[15]     |   13.053|
io_dip[12]     |io_led[8]      |   11.173|
io_dip[12]     |io_led[9]      |   11.215|
io_dip[12]     |io_led[10]     |   11.803|
io_dip[12]     |io_led[11]     |   11.657|
io_dip[12]     |io_led[12]     |   12.093|
io_dip[12]     |io_led[13]     |   12.093|
io_dip[12]     |io_led[14]     |   11.419|
io_dip[12]     |io_led[15]     |   12.758|
io_dip[13]     |io_led[8]      |   10.873|
io_dip[13]     |io_led[9]      |   10.915|
io_dip[13]     |io_led[10]     |   11.503|
io_dip[13]     |io_led[11]     |   11.357|
io_dip[13]     |io_led[12]     |   11.793|
io_dip[13]     |io_led[13]     |   11.793|
io_dip[13]     |io_led[14]     |   11.119|
io_dip[13]     |io_led[15]     |   12.458|
io_dip[14]     |io_led[8]      |   11.106|
io_dip[14]     |io_led[9]      |   11.148|
io_dip[14]     |io_led[10]     |   11.736|
io_dip[14]     |io_led[11]     |   11.590|
io_dip[14]     |io_led[12]     |   12.026|
io_dip[14]     |io_led[13]     |   12.026|
io_dip[14]     |io_led[14]     |   11.352|
io_dip[14]     |io_led[15]     |   12.691|
io_dip[15]     |io_led[8]      |   10.913|
io_dip[15]     |io_led[9]      |   10.955|
io_dip[15]     |io_led[10]     |   11.543|
io_dip[15]     |io_led[11]     |   11.397|
io_dip[15]     |io_led[12]     |   11.833|
io_dip[15]     |io_led[13]     |   11.833|
io_dip[15]     |io_led[14]     |   11.159|
io_dip[15]     |io_led[15]     |   12.498|
io_dip[16]     |io_led[16]     |   15.304|
io_dip[16]     |io_led[17]     |   15.091|
io_dip[16]     |io_led[18]     |   15.112|
io_dip[16]     |io_led[19]     |   14.441|
io_dip[16]     |io_led[20]     |   14.707|
io_dip[16]     |io_led[21]     |   14.255|
io_dip[16]     |io_led[22]     |   14.439|
io_dip[16]     |io_led[23]     |   13.367|
io_dip[17]     |io_led[16]     |   15.022|
io_dip[17]     |io_led[17]     |   14.809|
io_dip[17]     |io_led[18]     |   14.830|
io_dip[17]     |io_led[19]     |   14.159|
io_dip[17]     |io_led[20]     |   14.425|
io_dip[17]     |io_led[21]     |   13.973|
io_dip[17]     |io_led[22]     |   14.157|
io_dip[17]     |io_led[23]     |   13.085|
io_dip[18]     |io_led[16]     |   14.053|
io_dip[18]     |io_led[17]     |   13.840|
io_dip[18]     |io_led[18]     |   13.861|
io_dip[18]     |io_led[19]     |   13.190|
io_dip[18]     |io_led[20]     |   13.456|
io_dip[18]     |io_led[21]     |   13.004|
io_dip[18]     |io_led[22]     |   13.188|
io_dip[18]     |io_led[23]     |   12.116|
io_dip[19]     |io_led[16]     |   13.719|
io_dip[19]     |io_led[17]     |   13.506|
io_dip[19]     |io_led[18]     |   13.527|
io_dip[19]     |io_led[19]     |   12.856|
io_dip[19]     |io_led[20]     |   13.122|
io_dip[19]     |io_led[21]     |   12.670|
io_dip[19]     |io_led[22]     |   12.854|
io_dip[19]     |io_led[23]     |   11.782|
io_dip[20]     |io_led[16]     |   13.500|
io_dip[20]     |io_led[17]     |   13.287|
io_dip[20]     |io_led[18]     |   13.308|
io_dip[20]     |io_led[19]     |   12.637|
io_dip[20]     |io_led[20]     |   12.903|
io_dip[20]     |io_led[21]     |   12.451|
io_dip[20]     |io_led[22]     |   12.635|
io_dip[20]     |io_led[23]     |   11.563|
io_dip[21]     |io_led[16]     |   13.780|
io_dip[21]     |io_led[17]     |   13.567|
io_dip[21]     |io_led[18]     |   13.588|
io_dip[21]     |io_led[19]     |   12.917|
io_dip[21]     |io_led[20]     |   13.183|
io_dip[21]     |io_led[21]     |   12.731|
io_dip[21]     |io_led[22]     |   12.915|
io_dip[21]     |io_led[23]     |   11.843|
io_dip[22]     |io_led[16]     |   14.291|
io_dip[22]     |io_led[17]     |   14.078|
io_dip[22]     |io_led[18]     |   14.099|
io_dip[22]     |io_led[19]     |   13.428|
io_dip[22]     |io_led[20]     |   13.694|
io_dip[22]     |io_led[21]     |   13.242|
io_dip[22]     |io_led[22]     |   13.426|
io_dip[22]     |io_led[23]     |   12.354|
io_dip[23]     |io_led[16]     |   14.059|
io_dip[23]     |io_led[17]     |   13.846|
io_dip[23]     |io_led[18]     |   13.867|
io_dip[23]     |io_led[19]     |   13.196|
io_dip[23]     |io_led[20]     |   13.462|
io_dip[23]     |io_led[21]     |   13.010|
io_dip[23]     |io_led[22]     |   13.194|
io_dip[23]     |io_led[23]     |   12.122|
---------------+---------------+---------+


Analysis completed Mon Sep 30 00:28:02 2019 
--------------------------------------------------------------------------------

Trace Settings:
-------------------------
Trace Settings 

Peak Memory Usage: 209 MB



